<?xml version="1.0" encoding="UTF-8"?>
<testsuite xmlns:xsi="http://www.w3.org/2001/XMLSchema-instance" xsi:noNamespaceSchemaLocation="https://maven.apache.org/surefire/maven-surefire-plugin/xsd/surefire-test-report-3.0.xsd" version="3.0" name="runner.AddCompanyRunnerTest" time="8.989" tests="1" errors="1" skipped="0" failures="0">
  <properties>
[...]
</properties>
  <testcase name="User Should be able to Add Company" classname="Add Company feature functionality" time="8.709">
    <error message="no such window: target window already closed&#10;from unknown error: web view not found&#10;  (Session info: chrome=116.0.5845.140)&#10;Build info: version: &apos;3.141.59&apos;, revision: &apos;e82be7d358&apos;, time: &apos;2018-11-14T08:17:03&apos;&#10;System info: host: &apos;Kasras-Air.attlocal.net&apos;, ip: &apos;2600:1700:200:26f0:0:0:0:2a%en0&apos;, os.name: &apos;Mac OS X&apos;, os.arch: &apos;aarch64&apos;, os.version: &apos;13.0&apos;, java.version: &apos;11.0.16.1&apos;&#10;Driver info: org.openqa.selenium.chrome.ChromeDriver&#10;Capabilities {acceptInsecureCerts: false, browserName: chrome, browserVersion: 116.0.5845.140, chrome: {chromedriverVersion: 115.0.5790.170 (cc0d30c2ca5..., userDataDir: /var/folders/lm/gwdg6n6s0f3...}, goog:chromeOptions: {debuggerAddress: localhost:59649}, javascriptEnabled: true, networkConnectionEnabled: false, pageLoadStrategy: normal, platform: MAC, platformName: MAC, proxy: Proxy(), setWindowRect: true, strictFileInteractability: false, timeouts: {implicit: 0, pageLoad: 300000, script: 30000}, unhandledPromptBehavior: dismiss and notify, webauthn:extension:credBlob: true, webauthn:extension:largeBlob: true, webauthn:extension:minPinLength: true, webauthn:extension:prf: true, webauthn:virtualAuthenticators: true}&#10;Session ID: 0b009459774d272c40c9797cda68f528&#10;*** Element info: {Using=xpath, value=//a[@id=&apos;add_company&apos;]}" type="org.openqa.selenium.NoSuchWindowException"><![CDATA[org.openqa.selenium.NoSuchWindowException: 
no such window: target window already closed
from unknown error: web view not found
  (Session info: chrome=116.0.5845.140)
Build info: version: '3.141.59', revision: 'e82be7d358', time: '2018-11-14T08:17:03'
System info: host: 'Kasras-Air.attlocal.net', ip: '2600:1700:200:26f0:0:0:0:2a%en0', os.name: 'Mac OS X', os.arch: 'aarch64', os.version: '13.0', java.version: '11.0.16.1'
Driver info: org.openqa.selenium.chrome.ChromeDriver
Capabilities {acceptInsecureCerts: false, browserName: chrome, browserVersion: 116.0.5845.140, chrome: {chromedriverVersion: 115.0.5790.170 (cc0d30c2ca5..., userDataDir: /var/folders/lm/gwdg6n6s0f3...}, goog:chromeOptions: {debuggerAddress: localhost:59649}, javascriptEnabled: true, networkConnectionEnabled: false, pageLoadStrategy: normal, platform: MAC, platformName: MAC, proxy: Proxy(), setWindowRect: true, strictFileInteractability: false, timeouts: {implicit: 0, pageLoad: 300000, script: 30000}, unhandledPromptBehavior: dismiss and notify, webauthn:extension:credBlob: true, webauthn:extension:largeBlob: true, webauthn:extension:minPinLength: true, webauthn:extension:prf: true, webauthn:virtualAuthenticators: true}
Session ID: 0b009459774d272c40c9797cda68f528
*** Element info: {Using=xpath, value=//a[@id='add_company']}
]]></error>
    <system-out><![CDATA[
@Regression @AddCompanyFeature
Scenario Outline: User Should be able to Add Company                             # features/AddCompany.feature:24
  Given User is on the Techfios login page                                       # steps.StepDefinitions.user_is_on_the_techfios_login_page()
username from DB: demo@techfios.com
  Given User enters valid "username" from mysql database                         # steps.StepDefinitions.user_enters_valid_from_mysql_database(java.lang.String)
password from DB: abc123
  Given User enters valid "password" from mysql database                         # steps.StepDefinitions.user_enters_valid_from_mysql_database(java.lang.String)
  Given User clicks on "login"                                                   # steps.StepDefinitions.user_clicks_on_button(java.lang.String)
  Given User should land on Dashboard page                                       # steps.StepDefinitions.user_should_land_on_Dashboard_page()
  When User clicks on "Companies"                                                # steps.StepDefinitions.user_clicks_on_button(java.lang.String)
  And User clicks on "New Company"                                               # steps.StepDefinitions.user_clicks_on_button(java.lang.String)
      org.openqa.selenium.NoSuchWindowException: no such window: target window already closed
from unknown error: web view not found
  (Session info: chrome=116.0.5845.140)
Build info: version: '3.141.59', revision: 'e82be7d358', time: '2018-11-14T08:17:03'
System info: host: 'Kasras-Air.attlocal.net', ip: '2600:1700:200:26f0:0:0:0:2a%en0', os.name: 'Mac OS X', os.arch: 'aarch64', os.version: '13.0', java.version: '11.0.16.1'
Driver info: org.openqa.selenium.chrome.ChromeDriver
Capabilities {acceptInsecureCerts: false, browserName: chrome, browserVersion: 116.0.5845.140, chrome: {chromedriverVersion: 115.0.5790.170 (cc0d30c2ca5..., userDataDir: /var/folders/lm/gwdg6n6s0f3...}, goog:chromeOptions: {debuggerAddress: localhost:59649}, javascriptEnabled: true, networkConnectionEnabled: false, pageLoadStrategy: normal, platform: MAC, platformName: MAC, proxy: Proxy(), setWindowRect: true, strictFileInteractability: false, timeouts: {implicit: 0, pageLoad: 300000, script: 30000}, unhandledPromptBehavior: dismiss and notify, webauthn:extension:credBlob: true, webauthn:extension:largeBlob: true, webauthn:extension:minPinLength: true, webauthn:extension:prf: true, webauthn:virtualAuthenticators: true}
Session ID: 0b009459774d272c40c9797cda68f528
*** Element info: {Using=xpath, value=//a[@id='add_company']}
	at java.base/jdk.internal.reflect.NativeConstructorAccessorImpl.newInstance0(Native Method)
	at java.base/jdk.internal.reflect.NativeConstructorAccessorImpl.newInstance(NativeConstructorAccessorImpl.java:62)
	at java.base/jdk.internal.reflect.DelegatingConstructorAccessorImpl.newInstance(DelegatingConstructorAccessorImpl.java:45)
	at java.base/java.lang.reflect.Constructor.newInstance(Constructor.java:490)
	at org.openqa.selenium.remote.http.W3CHttpResponseCodec.createException(W3CHttpResponseCodec.java:187)
	at org.openqa.selenium.remote.http.W3CHttpResponseCodec.decode(W3CHttpResponseCodec.java:122)
	at org.openqa.selenium.remote.http.W3CHttpResponseCodec.decode(W3CHttpResponseCodec.java:49)
	at org.openqa.selenium.remote.HttpCommandExecutor.execute(HttpCommandExecutor.java:158)
	at org.openqa.selenium.remote.service.DriverCommandExecutor.execute(DriverCommandExecutor.java:83)
	at org.openqa.selenium.remote.RemoteWebDriver.execute(RemoteWebDriver.java:552)
	at org.openqa.selenium.remote.RemoteWebDriver.findElement(RemoteWebDriver.java:323)
	at org.openqa.selenium.remote.RemoteWebDriver.findElementByXPath(RemoteWebDriver.java:428)
	at org.openqa.selenium.By$ByXPath.findElement(By.java:353)
	at org.openqa.selenium.remote.RemoteWebDriver.findElement(RemoteWebDriver.java:315)
	at org.openqa.selenium.support.pagefactory.DefaultElementLocator.findElement(DefaultElementLocator.java:69)
	at org.openqa.selenium.support.pagefactory.internal.LocatingElementHandler.invoke(LocatingElementHandler.java:38)
	at com.sun.proxy.$Proxy18.click(Unknown Source)
	at pages.CompaniesPage.clickAddCompany(CompaniesPage.java:48)
	at steps.StepDefinitions.user_clicks_on_button(StepDefinitions.java:287)
	at ✽.User clicks on "New Company"(classpath:features/AddCompany.feature:13)

  And User enters "Amazon" in the "companyName" field in the companies page      # steps.StepDefinitions.user_enters_in_the_field_in_the_companies_page(java.lang.String,java.lang.String)
  And User enters "Amazon.com" in the "URL" field in the companies page          # steps.StepDefinitions.user_enters_in_the_field_in_the_companies_page(java.lang.String,java.lang.String)
  And User enters "Amazon@amazon.com" in the "email" field in the companies page # steps.StepDefinitions.user_enters_in_the_field_in_the_companies_page(java.lang.String,java.lang.String)
  And User enters "123-551" in the "phone" field in the companies page           # steps.StepDefinitions.user_enters_in_the_field_in_the_companies_page(java.lang.String,java.lang.String)
  And User enters "amazonLogo.com" in the "logoUrl" field in the companies page  # steps.StepDefinitions.user_enters_in_the_field_in_the_companies_page(java.lang.String,java.lang.String)
  And User clicks on "save company"                                              # steps.StepDefinitions.user_clicks_on_button(java.lang.String)
  Then User should be able to validate new company created succesfully           # steps.StepDefinitions.user_should_be_able_to_validate_new_company_created_succesfully()
]]></system-out>
    <system-err><![CDATA[Starting ChromeDriver 115.0.5790.170 (cc0d30c2ca5577520c8646671513241faa0bc105-refs/branch-heads/5790@{#1923}) on port 32408
Only local connections are allowed.
Please see https://chromedriver.chromium.org/security-considerations for suggestions on keeping ChromeDriver safe.
ChromeDriver was started successfully.
[1693794510.343][WARNING]: This version of ChromeDriver has not been tested with Chrome version 116.
Sep 03, 2023 9:28:30 PM org.openqa.selenium.remote.ProtocolHandshake createSession
INFO: Detected dialect: W3C
]]></system-err>
  </testcase>
</testsuite>